2025-01-24 18:59 +08:00: 开始初始化控制层...
2025-01-24 18:59 +08:00: 初始化用户组控制层...
2025-01-24 18:59 +08:00: 用户组控制层初始化完成
2025-01-24 18:59 +08:00: 初始化用户控制层...
2025-01-24 18:59 +08:00: 用户列表: [
2025-01-24 18:59 +08:00:   {
2025-01-24 18:59 +08:00:     username: 'lds-wly',
2025-01-24 18:59 +08:00:     groups: [ 'lds', 'guest' ],
2025-01-24 18:59 +08:00:     auth: [ [Object], [Object] ]
2025-01-24 18:59 +08:00:   }
2025-01-24 18:59 +08:00: ]
2025-01-24 18:59 +08:00: 用户控制层初始化完成
2025-01-24 18:59 +08:00: 初始化包权限控制层...
2025-01-24 18:59 +08:00: 包权限列表: [
2025-01-24 18:59 +08:00:   { name: '**', proxy: 'npmjs' },
2025-01-24 18:59 +08:00:   { name: '@lds/*', access: [ 'lds' ], publish: [ 'lds' ], proxy: '' }
2025-01-24 18:59 +08:00: ]
2025-01-24 18:59 +08:00: 包权限控制层初始化完成
2025-01-24 18:59 +08:00: 所有控制层初始化完成
2025-01-24 18:59 +08:00: Server is running on port 3000
2025-01-24 19:00 +08:00: 开始初始化控制层...
2025-01-24 19:00 +08:00: 初始化用户组控制层...
2025-01-24 19:00 +08:00: 用户组控制层初始化完成
2025-01-24 19:00 +08:00: 初始化用户控制层...
2025-01-24 19:00 +08:00: 用户列表: [
2025-01-24 19:00 +08:00:   {
2025-01-24 19:00 +08:00:     username: 'lds-wly',
2025-01-24 19:00 +08:00:     groups: [ 'lds', 'guest' ],
2025-01-24 19:00 +08:00:     auth: [ [Object], [Object] ]
2025-01-24 19:00 +08:00:   }
2025-01-24 19:00 +08:00: ]
2025-01-24 19:00 +08:00: 用户控制层初始化完成
2025-01-24 19:00 +08:00: 初始化包权限控制层...
2025-01-24 19:00 +08:00: 包权限列表: [
2025-01-24 19:00 +08:00:   { name: '**', proxy: 'npmjs' },
2025-01-24 19:00 +08:00:   { name: '@lds/*', access: [ 'lds' ], publish: [ 'lds' ], proxy: '' }
2025-01-24 19:00 +08:00: ]
2025-01-24 19:00 +08:00: 包权限控制层初始化完成
2025-01-24 19:00 +08:00: 所有控制层初始化完成
2025-01-24 19:00 +08:00: Server is running on port 3000
2025-01-24 19:07 +08:00: 开始初始化控制层...
2025-01-24 19:07 +08:00: 初始化用户组控制层...
2025-01-24 19:07 +08:00: 用户组控制层初始化完成
2025-01-24 19:07 +08:00: 初始化用户控制层...
2025-01-24 19:07 +08:00: 用户列表: [
2025-01-24 19:07 +08:00:   {
2025-01-24 19:07 +08:00:     username: 'lds-wly',
2025-01-24 19:07 +08:00:     groups: [ 'lds', 'guest' ],
2025-01-24 19:07 +08:00:     auth: [ [Object], [Object] ]
2025-01-24 19:07 +08:00:   }
2025-01-24 19:07 +08:00: ]
2025-01-24 19:07 +08:00: 用户控制层初始化完成
2025-01-24 19:07 +08:00: 初始化包权限控制层...
2025-01-24 19:07 +08:00: 包权限列表: [
2025-01-24 19:07 +08:00:   { name: '**', proxy: 'npmjs' },
2025-01-24 19:07 +08:00:   { name: '@lds/*', access: [ 'lds' ], publish: [ 'lds' ], proxy: '' }
2025-01-24 19:07 +08:00: ]
2025-01-24 19:07 +08:00: 包权限控制层初始化完成
2025-01-24 19:07 +08:00: 所有控制层初始化完成
2025-01-24 19:07 +08:00: Server is running on port 3000
2025-01-24 19:08 +08:00: 开始初始化控制层...
2025-01-24 19:08 +08:00: 初始化用户组控制层...
2025-01-24 19:08 +08:00: 用户组控制层初始化完成
2025-01-24 19:08 +08:00: 初始化用户控制层...
2025-01-24 19:08 +08:00: 用户列表: [
2025-01-24 19:08 +08:00:   {
2025-01-24 19:08 +08:00:     username: 'lds-wly',
2025-01-24 19:08 +08:00:     groups: [ 'lds', 'guest' ],
2025-01-24 19:08 +08:00:     auth: [ [Object], [Object] ]
2025-01-24 19:08 +08:00:   }
2025-01-24 19:08 +08:00: ]
2025-01-24 19:08 +08:00: 用户控制层初始化完成
2025-01-24 19:08 +08:00: 初始化包权限控制层...
2025-01-24 19:08 +08:00: 包权限列表: [
2025-01-24 19:08 +08:00:   { name: '**', proxy: 'npmjs' },
2025-01-24 19:08 +08:00:   { name: '@lds/*', access: [ 'lds' ], publish: [ 'lds' ], proxy: '' }
2025-01-24 19:08 +08:00: ]
2025-01-24 19:08 +08:00: 包权限控制层初始化完成
2025-01-24 19:08 +08:00: 所有控制层初始化完成
2025-01-24 19:08 +08:00: Server is running on port 3000
